# JRE version: OpenJDK Runtime Environment (8.0_222-b10) (build 1.8.0_222-8u222-b10-1ubuntu1~18.04.1-b10)
# Java VM: OpenJDK 64-Bit Server VM (25.222-b10 mixed mode linux-amd64 compressed oops)
Heap:
 PSYoungGen      total 215040K, used 79598K [0x00000000ec180000, 0x0000000100000000, 0x0000000100000000)
  eden space 109056K, 0% used [0x00000000ec180000,0x00000000ec180000,0x00000000f2c00000)
  from space 105984K, 75% used [0x00000000f9880000,0x00000000fe63bae0,0x0000000100000000)
  to   space 108544K, 0% used [0x00000000f2c00000,0x00000000f2c00000,0x00000000f9600000)
 ParOldGen       total 143872K, used 143470K [0x00000000c4400000, 0x00000000cd080000, 0x00000000ec180000)
  object space 143872K, 99% used [0x00000000c4400000,0x00000000cd01bb58,0x00000000cd080000)
 Metaspace       used 2695K, capacity 4652K, committed 4864K, reserved 1056768K
  class space    used 279K, capacity 424K, committed 512K, reserved 1048576K
GC Heap History (10 events):
Event: 2,160 GC heap after
Heap after GC invocations=12 (full 2):
 PSYoungGen      total 144896K, used 50688K [0x00000000ec180000, 0x00000000fa500000, 0x0000000100000000)
  eden space 94208K, 0% used [0x00000000ec180000,0x00000000ec180000,0x00000000f1d80000)
  from space 50688K, 100% used [0x00000000f5a80000,0x00000000f8c00000,0x00000000f8c00000)
  to   space 62464K, 0% used [0x00000000f1d80000,0x00000000f1d80000,0x00000000f5a80000)
 ParOldGen       total 141824K, used 83744K [0x00000000c4400000, 0x00000000cce80000, 0x00000000ec180000)
  object space 141824K, 59% used [0x00000000c4400000,0x00000000c95c83a0,0x00000000cce80000)
 Metaspace       used 2695K, capacity 4652K, committed 4864K, reserved 1056768K
  class space    used 279K, capacity 424K, committed 512K, reserved 1048576K
}
Event: 2,452 GC heap before
{Heap before GC invocations=13 (full 2):
 PSYoungGen      total 144896K, used 144896K [0x00000000ec180000, 0x00000000fa500000, 0x0000000100000000)
  eden space 94208K, 100% used [0x00000000ec180000,0x00000000f1d80000,0x00000000f1d80000)
  from space 50688K, 100% used [0x00000000f5a80000,0x00000000f8c00000,0x00000000f8c00000)
  to   space 62464K, 0% used [0x00000000f1d80000,0x00000000f1d80000,0x00000000f5a80000)
 ParOldGen       total 141824K, used 83744K [0x00000000c4400000, 0x00000000cce80000, 0x00000000ec180000)
  object space 141824K, 59% used [0x00000000c4400000,0x00000000c95c83a0,0x00000000cce80000)
 Metaspace       used 2695K, capacity 4652K, committed 4864K, reserved 1056768K
  class space    used 279K, capacity 424K, committed 512K, reserved 1048576K
Event: 2,501 GC heap after
Heap after GC invocations=13 (full 2):
 PSYoungGen      total 156672K, used 62464K [0x00000000ec180000, 0x00000000fc680000, 0x0000000100000000)
  eden space 94208K, 0% used [0x00000000ec180000,0x00000000ec180000,0x00000000f1d80000)
  from space 62464K, 100% used [0x00000000f1d80000,0x00000000f5a80000,0x00000000f5a80000)
  to   space 77312K, 0% used [0x00000000f7b00000,0x00000000f7b00000,0x00000000fc680000)
 ParOldGen       total 141824K, used 94064K [0x00000000c4400000, 0x00000000cce80000, 0x00000000ec180000)
  object space 141824K, 66% used [0x00000000c4400000,0x00000000c9fdc3a0,0x00000000cce80000)
 Metaspace       used 2695K, capacity 4652K, committed 4864K, reserved 1056768K
  class space    used 279K, capacity 424K, committed 512K, reserved 1048576K
}
Event: 2,796 GC heap before
{Heap before GC invocations=14 (full 2):
 PSYoungGen      total 156672K, used 156672K [0x00000000ec180000, 0x00000000fc680000, 0x0000000100000000)
  eden space 94208K, 100% used [0x00000000ec180000,0x00000000f1d80000,0x00000000f1d80000)
  from space 62464K, 100% used [0x00000000f1d80000,0x00000000f5a80000,0x00000000f5a80000)
  to   space 77312K, 0% used [0x00000000f7b00000,0x00000000f7b00000,0x00000000fc680000)
 ParOldGen       total 141824K, used 94064K [0x00000000c4400000, 0x00000000cce80000, 0x00000000ec180000)
  object space 141824K, 66% used [0x00000000c4400000,0x00000000c9fdc3a0,0x00000000cce80000)
 Metaspace       used 2695K, capacity 4652K, committed 4864K, reserved 1056768K
  class space    used 279K, capacity 424K, committed 512K, reserved 1048576K
Event: 2,864 GC heap after
Heap after GC invocations=14 (full 2):
 PSYoungGen      total 178688K, used 72160K [0x00000000ec180000, 0x00000000fde00000, 0x0000000100000000)
  eden space 101376K, 0% used [0x00000000ec180000,0x00000000ec180000,0x00000000f2480000)
  from space 77312K, 93% used [0x00000000f7b00000,0x00000000fc178000,0x00000000fc680000)
  to   space 88576K, 0% used [0x00000000f2480000,0x00000000f2480000,0x00000000f7b00000)
 ParOldGen       total 141824K, used 106208K [0x00000000c4400000, 0x00000000cce80000, 0x00000000ec180000)
  object space 141824K, 74% used [0x00000000c4400000,0x00000000cabb83a0,0x00000000cce80000)
 Metaspace       used 2695K, capacity 4652K, committed 4864K, reserved 1056768K
  class space    used 279K, capacity 424K, committed 512K, reserved 1048576K
}
Event: 3,189 GC heap before
{Heap before GC invocations=15 (full 2):
 PSYoungGen      total 178688K, used 173536K [0x00000000ec180000, 0x00000000fde00000, 0x0000000100000000)
  eden space 101376K, 100% used [0x00000000ec180000,0x00000000f2480000,0x00000000f2480000)
  from space 77312K, 93% used [0x00000000f7b00000,0x00000000fc178000,0x00000000fc680000)
  to   space 88576K, 0% used [0x00000000f2480000,0x00000000f2480000,0x00000000f7b00000)
 ParOldGen       total 141824K, used 106208K [0x00000000c4400000, 0x00000000cce80000, 0x00000000ec180000)
  object space 141824K, 74% used [0x00000000c4400000,0x00000000cabb83a0,0x00000000cce80000)
 Metaspace       used 2695K, capacity 4652K, committed 4864K, reserved 1056768K
  class space    used 279K, capacity 424K, committed 512K, reserved 1048576K
Event: 3,255 GC heap after
Heap after GC invocations=15 (full 2):
 PSYoungGen      total 189952K, used 88576K [0x00000000ec180000, 0x0000000100000000, 0x0000000100000000)
  eden space 101376K, 0% used [0x00000000ec180000,0x00000000ec180000,0x00000000f2480000)
  from space 88576K, 100% used [0x00000000f2480000,0x00000000f7b00000,0x00000000f7b00000)
  to   space 105984K, 0% used [0x00000000f9880000,0x00000000f9880000,0x0000000100000000)
 ParOldGen       total 141824K, used 112544K [0x00000000c4400000, 0x00000000cce80000, 0x00000000ec180000)
  object space 141824K, 79% used [0x00000000c4400000,0x00000000cb1e83a0,0x00000000cce80000)
 Metaspace       used 2695K, capacity 4652K, committed 4864K, reserved 1056768K
  class space    used 279K, capacity 424K, committed 512K, reserved 1048576K
}
Event: 3,584 GC heap before
{Heap before GC invocations=16 (full 2):
 PSYoungGen      total 189952K, used 189952K [0x00000000ec180000, 0x0000000100000000, 0x0000000100000000)
  eden space 101376K, 100% used [0x00000000ec180000,0x00000000f2480000,0x00000000f2480000)
  from space 88576K, 100% used [0x00000000f2480000,0x00000000f7b00000,0x00000000f7b00000)
  to   space 105984K, 0% used [0x00000000f9880000,0x00000000f9880000,0x0000000100000000)
 ParOldGen       total 141824K, used 112544K [0x00000000c4400000, 0x00000000cce80000, 0x00000000ec180000)
  object space 141824K, 79% used [0x00000000c4400000,0x00000000cb1e83a0,0x00000000cce80000)
 Metaspace       used 2695K, capacity 4652K, committed 4864K, reserved 1056768K
  class space    used 279K, capacity 424K, committed 512K, reserved 1048576K
Event: 3,668 GC heap after
Heap after GC invocations=16 (full 2):
 PSYoungGen      total 215040K, used 80832K [0x00000000ec180000, 0x0000000100000000, 0x0000000100000000)
  eden space 109056K, 0% used [0x00000000ec180000,0x00000000ec180000,0x00000000f2c00000)
  from space 105984K, 76% used [0x00000000f9880000,0x00000000fe770000,0x0000000100000000)
  to   space 108544K, 0% used [0x00000000f2c00000,0x00000000f2c00000,0x00000000f9600000)
 ParOldGen       total 143872K, used 142888K [0x00000000c4400000, 0x00000000cd080000, 0x00000000ec180000)
  object space 143872K, 99% used [0x00000000c4400000,0x00000000ccf8a3a0,0x00000000cd080000)
 Metaspace       used 2695K, capacity 4652K, committed 4864K, reserved 1056768K
  class space    used 279K, capacity 424K, committed 512K, reserved 1048576K
}
Event: 3,668 GC heap before
{Heap before GC invocations=17 (full 3):
 PSYoungGen      total 215040K, used 80832K [0x00000000ec180000, 0x0000000100000000, 0x0000000100000000)
  eden space 109056K, 0% used [0x00000000ec180000,0x00000000ec180000,0x00000000f2c00000)
  from space 105984K, 76% used [0x00000000f9880000,0x00000000fe770000,0x0000000100000000)
  to   space 108544K, 0% used [0x00000000f2c00000,0x00000000f2c00000,0x00000000f9600000)
 ParOldGen       total 143872K, used 142888K [0x00000000c4400000, 0x00000000cd080000, 0x00000000ec180000)
  object space 143872K, 99% used [0x00000000c4400000,0x00000000ccf8a3a0,0x00000000cd080000)
 Metaspace       used 2695K, capacity 4652K, committed 4864K, reserved 1056768K
  class space    used 279K, capacity 424K, committed 512K, reserved 1048576K

