# JRE version: OpenJDK Runtime Environment (8.0_222-b10) (build 1.8.0_222-8u222-b10-1ubuntu1~18.04.1-b10)
# Java VM: OpenJDK 64-Bit Server VM (25.222-b10 mixed mode linux-amd64 compressed oops)
Heap:
 PSYoungGen      total 135168K, used 24576K [0x00000000ec180000, 0x00000000f6380000, 0x0000000100000000)
  eden space 110592K, 0% used [0x00000000ec180000,0x00000000ec180000,0x00000000f2d80000)
  from space 24576K, 100% used [0x00000000f2d80000,0x00000000f4580000,0x00000000f4580000)
  to   space 18432K, 0% used [0x00000000f4580000,0x00000000f4580000,0x00000000f5780000)
 ParOldGen       total 52736K, used 52508K [0x00000000c4400000, 0x00000000c7780000, 0x00000000ec180000)
  object space 52736K, 99% used [0x00000000c4400000,0x00000000c7747060,0x00000000c7780000)
 Metaspace       used 2695K, capacity 4652K, committed 4864K, reserved 1056768K
  class space    used 279K, capacity 424K, committed 512K, reserved 1048576K
GC Heap History (10 events):
Event: 0,409 GC heap after
Heap after GC invocations=4 (full 0):
 PSYoungGen      total 33280K, used 2560K [0x00000000ec180000, 0x00000000ee480000, 0x0000000100000000)
  eden space 30720K, 0% used [0x00000000ec180000,0x00000000ec180000,0x00000000edf80000)
  from space 2560K, 100% used [0x00000000ee200000,0x00000000ee480000,0x00000000ee480000)
  to   space 2560K, 0% used [0x00000000edf80000,0x00000000edf80000,0x00000000ee200000)
 ParOldGen       total 40960K, used 5104K [0x00000000c4400000, 0x00000000c6c00000, 0x00000000ec180000)
  object space 40960K, 12% used [0x00000000c4400000,0x00000000c48fc000,0x00000000c6c00000)
 Metaspace       used 2695K, capacity 4652K, committed 4864K, reserved 1056768K
  class space    used 279K, capacity 424K, committed 512K, reserved 1048576K
}
Event: 0,453 GC heap before
{Heap before GC invocations=5 (full 0):
 PSYoungGen      total 33280K, used 33280K [0x00000000ec180000, 0x00000000ee480000, 0x0000000100000000)
  eden space 30720K, 100% used [0x00000000ec180000,0x00000000edf80000,0x00000000edf80000)
  from space 2560K, 100% used [0x00000000ee200000,0x00000000ee480000,0x00000000ee480000)
  to   space 2560K, 0% used [0x00000000edf80000,0x00000000edf80000,0x00000000ee200000)
 ParOldGen       total 40960K, used 5104K [0x00000000c4400000, 0x00000000c6c00000, 0x00000000ec180000)
  object space 40960K, 12% used [0x00000000c4400000,0x00000000c48fc000,0x00000000c6c00000)
 Metaspace       used 2695K, capacity 4652K, committed 4864K, reserved 1056768K
  class space    used 279K, capacity 424K, committed 512K, reserved 1048576K
Event: 0,507 GC heap after
Heap after GC invocations=5 (full 0):
 PSYoungGen      total 33280K, used 2560K [0x00000000ec180000, 0x00000000f0b80000, 0x0000000100000000)
  eden space 30720K, 0% used [0x00000000ec180000,0x00000000ec180000,0x00000000edf80000)
  from space 2560K, 100% used [0x00000000edf80000,0x00000000ee200000,0x00000000ee200000)
  to   space 7168K, 0% used [0x00000000f0480000,0x00000000f0480000,0x00000000f0b80000)
 ParOldGen       total 40960K, used 8812K [0x00000000c4400000, 0x00000000c6c00000, 0x00000000ec180000)
  object space 40960K, 21% used [0x00000000c4400000,0x00000000c4c9b060,0x00000000c6c00000)
 Metaspace       used 2695K, capacity 4652K, committed 4864K, reserved 1056768K
  class space    used 279K, capacity 424K, committed 512K, reserved 1048576K
}
Event: 0,858 GC heap before
{Heap before GC invocations=6 (full 0):
 PSYoungGen      total 33280K, used 33280K [0x00000000ec180000, 0x00000000f0b80000, 0x0000000100000000)
  eden space 30720K, 100% used [0x00000000ec180000,0x00000000edf80000,0x00000000edf80000)
  from space 2560K, 100% used [0x00000000edf80000,0x00000000ee200000,0x00000000ee200000)
  to   space 7168K, 0% used [0x00000000f0480000,0x00000000f0480000,0x00000000f0b80000)
 ParOldGen       total 40960K, used 8812K [0x00000000c4400000, 0x00000000c6c00000, 0x00000000ec180000)
  object space 40960K, 21% used [0x00000000c4400000,0x00000000c4c9b060,0x00000000c6c00000)
 Metaspace       used 2695K, capacity 4652K, committed 4864K, reserved 1056768K
  class space    used 279K, capacity 424K, committed 512K, reserved 1048576K
Event: 0,954 GC heap after
Heap after GC invocations=6 (full 0):
 PSYoungGen      total 65536K, used 7168K [0x00000000ec180000, 0x00000000f1180000, 0x0000000100000000)
  eden space 58368K, 0% used [0x00000000ec180000,0x00000000ec180000,0x00000000efa80000)
  from space 7168K, 100% used [0x00000000f0480000,0x00000000f0b80000,0x00000000f0b80000)
  to   space 10240K, 0% used [0x00000000efa80000,0x00000000efa80000,0x00000000f0480000)
 ParOldGen       total 40960K, used 12164K [0x00000000c4400000, 0x00000000c6c00000, 0x00000000ec180000)
  object space 40960K, 29% used [0x00000000c4400000,0x00000000c4fe1060,0x00000000c6c00000)
 Metaspace       used 2695K, capacity 4652K, committed 4864K, reserved 1056768K
  class space    used 279K, capacity 424K, committed 512K, reserved 1048576K
}
Event: 2,435 GC heap before
{Heap before GC invocations=7 (full 0):
 PSYoungGen      total 65536K, used 65536K [0x00000000ec180000, 0x00000000f1180000, 0x0000000100000000)
  eden space 58368K, 100% used [0x00000000ec180000,0x00000000efa80000,0x00000000efa80000)
  from space 7168K, 100% used [0x00000000f0480000,0x00000000f0b80000,0x00000000f0b80000)
  to   space 10240K, 0% used [0x00000000efa80000,0x00000000efa80000,0x00000000f0480000)
 ParOldGen       total 40960K, used 12164K [0x00000000c4400000, 0x00000000c6c00000, 0x00000000ec180000)
  object space 40960K, 29% used [0x00000000c4400000,0x00000000c4fe1060,0x00000000c6c00000)
 Metaspace       used 2695K, capacity 4652K, committed 4864K, reserved 1056768K
  class space    used 279K, capacity 424K, committed 512K, reserved 1048576K
Event: 2,906 GC heap after
Heap after GC invocations=7 (full 0):
 PSYoungGen      total 68608K, used 10240K [0x00000000ec180000, 0x00000000f5780000, 0x0000000100000000)
  eden space 58368K, 0% used [0x00000000ec180000,0x00000000ec180000,0x00000000efa80000)
  from space 10240K, 100% used [0x00000000efa80000,0x00000000f0480000,0x00000000f0480000)
  to   space 18432K, 0% used [0x00000000f4580000,0x00000000f4580000,0x00000000f5780000)
 ParOldGen       total 40960K, used 24180K [0x00000000c4400000, 0x00000000c6c00000, 0x00000000ec180000)
  object space 40960K, 59% used [0x00000000c4400000,0x00000000c5b9d060,0x00000000c6c00000)
 Metaspace       used 2695K, capacity 4652K, committed 4864K, reserved 1056768K
  class space    used 279K, capacity 424K, committed 512K, reserved 1048576K
}
Event: 3,097 GC heap before
{Heap before GC invocations=8 (full 0):
 PSYoungGen      total 68608K, used 68608K [0x00000000ec180000, 0x00000000f5780000, 0x0000000100000000)
  eden space 58368K, 100% used [0x00000000ec180000,0x00000000efa80000,0x00000000efa80000)
  from space 10240K, 100% used [0x00000000efa80000,0x00000000f0480000,0x00000000f0480000)
  to   space 18432K, 0% used [0x00000000f4580000,0x00000000f4580000,0x00000000f5780000)
 ParOldGen       total 40960K, used 24180K [0x00000000c4400000, 0x00000000c6c00000, 0x00000000ec180000)
  object space 40960K, 59% used [0x00000000c4400000,0x00000000c5b9d060,0x00000000c6c00000)
 Metaspace       used 2695K, capacity 4652K, committed 4864K, reserved 1056768K
  class space    used 279K, capacity 424K, committed 512K, reserved 1048576K
Event: 3,128 GC heap after
Heap after GC invocations=8 (full 0):
 PSYoungGen      total 129024K, used 18432K [0x00000000ec180000, 0x00000000f6380000, 0x0000000100000000)
  eden space 110592K, 0% used [0x00000000ec180000,0x00000000ec180000,0x00000000f2d80000)
  from space 18432K, 100% used [0x00000000f4580000,0x00000000f5780000,0x00000000f5780000)
  to   space 24576K, 0% used [0x00000000f2d80000,0x00000000f2d80000,0x00000000f4580000)
 ParOldGen       total 40960K, used 30884K [0x00000000c4400000, 0x00000000c6c00000, 0x00000000ec180000)
  object space 40960K, 75% used [0x00000000c4400000,0x00000000c6229060,0x00000000c6c00000)
 Metaspace       used 2695K, capacity 4652K, committed 4864K, reserved 1056768K
  class space    used 279K, capacity 424K, committed 512K, reserved 1048576K
}
Event: 3,578 GC heap before
{Heap before GC invocations=9 (full 0):
 PSYoungGen      total 129024K, used 129024K [0x00000000ec180000, 0x00000000f6380000, 0x0000000100000000)
  eden space 110592K, 100% used [0x00000000ec180000,0x00000000f2d80000,0x00000000f2d80000)
  from space 18432K, 100% used [0x00000000f4580000,0x00000000f5780000,0x00000000f5780000)
  to   space 24576K, 0% used [0x00000000f2d80000,0x00000000f2d80000,0x00000000f4580000)
 ParOldGen       total 40960K, used 30884K [0x00000000c4400000, 0x00000000c6c00000, 0x00000000ec180000)
  object space 40960K, 75% used [0x00000000c4400000,0x00000000c6229060,0x00000000c6c00000)
 Metaspace       used 2695K, capacity 4652K, committed 4864K, reserved 1056768K
  class space    used 279K, capacity 424K, committed 512K, reserved 1048576K

