# JRE version: OpenJDK Runtime Environment (8.0_222-b10) (build 1.8.0_222-8u222-b10-1ubuntu1~18.04.1-b10)
# Java VM: OpenJDK 64-Bit Server VM (25.222-b10 mixed mode linux-amd64 compressed oops)
Heap:
 PSYoungGen      total 214016K, used 76350K [0x00000000ec180000, 0x0000000100000000, 0x0000000100000000)
  eden space 109056K, 0% used [0x00000000ec180000,0x00000000ec180000,0x00000000f2c00000)
  from space 104960K, 72% used [0x00000000f9980000,0x00000000fe40fbb8,0x0000000100000000)
  to   space 108544K, 0% used [0x00000000f2c00000,0x00000000f2c00000,0x00000000f9600000)
 ParOldGen       total 151552K, used 151324K [0x00000000c4400000, 0x00000000cd800000, 0x00000000ec180000)
  object space 151552K, 99% used [0x00000000c4400000,0x00000000cd7c7378,0x00000000cd800000)
 Metaspace       used 2695K, capacity 4652K, committed 4864K, reserved 1056768K
  class space    used 279K, capacity 424K, committed 512K, reserved 1048576K
GC Heap History (10 events):
Event: 2,544 GC heap after
Heap after GC invocations=12 (full 2):
 PSYoungGen      total 145920K, used 49152K [0x00000000ec180000, 0x00000000fa000000, 0x0000000100000000)
  eden space 96768K, 0% used [0x00000000ec180000,0x00000000ec180000,0x00000000f2000000)
  from space 49152K, 100% used [0x00000000f5980000,0x00000000f8980000,0x00000000f8980000)
  to   space 58880K, 0% used [0x00000000f2000000,0x00000000f2000000,0x00000000f5980000)
 ParOldGen       total 148992K, used 82478K [0x00000000c4400000, 0x00000000cd580000, 0x00000000ec180000)
  object space 148992K, 55% used [0x00000000c4400000,0x00000000c948ba58,0x00000000cd580000)
 Metaspace       used 2695K, capacity 4652K, committed 4864K, reserved 1056768K
  class space    used 279K, capacity 424K, committed 512K, reserved 1048576K
}
Event: 2,762 GC heap before
{Heap before GC invocations=13 (full 2):
 PSYoungGen      total 145920K, used 145920K [0x00000000ec180000, 0x00000000fa000000, 0x0000000100000000)
  eden space 96768K, 100% used [0x00000000ec180000,0x00000000f2000000,0x00000000f2000000)
  from space 49152K, 100% used [0x00000000f5980000,0x00000000f8980000,0x00000000f8980000)
  to   space 58880K, 0% used [0x00000000f2000000,0x00000000f2000000,0x00000000f5980000)
 ParOldGen       total 148992K, used 82478K [0x00000000c4400000, 0x00000000cd580000, 0x00000000ec180000)
  object space 148992K, 55% used [0x00000000c4400000,0x00000000c948ba58,0x00000000cd580000)
 Metaspace       used 2695K, capacity 4652K, committed 4864K, reserved 1056768K
  class space    used 279K, capacity 424K, committed 512K, reserved 1048576K
Event: 2,809 GC heap after
Heap after GC invocations=13 (full 2):
 PSYoungGen      total 155648K, used 58880K [0x00000000ec180000, 0x00000000fc500000, 0x0000000100000000)
  eden space 96768K, 0% used [0x00000000ec180000,0x00000000ec180000,0x00000000f2000000)
  from space 58880K, 100% used [0x00000000f2000000,0x00000000f5980000,0x00000000f5980000)
  to   space 74240K, 0% used [0x00000000f7c80000,0x00000000f7c80000,0x00000000fc500000)
 ParOldGen       total 148992K, used 96574K [0x00000000c4400000, 0x00000000cd580000, 0x00000000ec180000)
  object space 148992K, 64% used [0x00000000c4400000,0x00000000ca24fa58,0x00000000cd580000)
 Metaspace       used 2695K, capacity 4652K, committed 4864K, reserved 1056768K
  class space    used 279K, capacity 424K, committed 512K, reserved 1048576K
}
Event: 3,056 GC heap before
{Heap before GC invocations=14 (full 2):
 PSYoungGen      total 155648K, used 155648K [0x00000000ec180000, 0x00000000fc500000, 0x0000000100000000)
  eden space 96768K, 100% used [0x00000000ec180000,0x00000000f2000000,0x00000000f2000000)
  from space 58880K, 100% used [0x00000000f2000000,0x00000000f5980000,0x00000000f5980000)
  to   space 74240K, 0% used [0x00000000f7c80000,0x00000000f7c80000,0x00000000fc500000)
 ParOldGen       total 148992K, used 96574K [0x00000000c4400000, 0x00000000cd580000, 0x00000000ec180000)
  object space 148992K, 64% used [0x00000000c4400000,0x00000000ca24fa58,0x00000000cd580000)
 Metaspace       used 2695K, capacity 4652K, committed 4864K, reserved 1056768K
  class space    used 279K, capacity 424K, committed 512K, reserved 1048576K
Event: 3,122 GC heap after
Heap after GC invocations=14 (full 2):
 PSYoungGen      total 179712K, used 73152K [0x00000000ec180000, 0x00000000fdd80000, 0x0000000100000000)
  eden space 105472K, 0% used [0x00000000ec180000,0x00000000ec180000,0x00000000f2880000)
  from space 74240K, 98% used [0x00000000f7c80000,0x00000000fc3f0000,0x00000000fc500000)
  to   space 86016K, 0% used [0x00000000f2880000,0x00000000f2880000,0x00000000f7c80000)
 ParOldGen       total 148992K, used 105790K [0x00000000c4400000, 0x00000000cd580000, 0x00000000ec180000)
  object space 148992K, 71% used [0x00000000c4400000,0x00000000cab4fa58,0x00000000cd580000)
 Metaspace       used 2695K, capacity 4652K, committed 4864K, reserved 1056768K
  class space    used 279K, capacity 424K, committed 512K, reserved 1048576K
}
Event: 3,409 GC heap before
{Heap before GC invocations=15 (full 2):
 PSYoungGen      total 179712K, used 178624K [0x00000000ec180000, 0x00000000fdd80000, 0x0000000100000000)
  eden space 105472K, 100% used [0x00000000ec180000,0x00000000f2880000,0x00000000f2880000)
  from space 74240K, 98% used [0x00000000f7c80000,0x00000000fc3f0000,0x00000000fc500000)
  to   space 86016K, 0% used [0x00000000f2880000,0x00000000f2880000,0x00000000f7c80000)
 ParOldGen       total 148992K, used 105790K [0x00000000c4400000, 0x00000000cd580000, 0x00000000ec180000)
  object space 148992K, 71% used [0x00000000c4400000,0x00000000cab4fa58,0x00000000cd580000)
 Metaspace       used 2695K, capacity 4652K, committed 4864K, reserved 1056768K
  class space    used 279K, capacity 424K, committed 512K, reserved 1048576K
Event: 3,471 GC heap after
Heap after GC invocations=15 (full 2):
 PSYoungGen      total 191488K, used 86016K [0x00000000ec180000, 0x0000000100000000, 0x0000000100000000)
  eden space 105472K, 0% used [0x00000000ec180000,0x00000000ec180000,0x00000000f2880000)
  from space 86016K, 100% used [0x00000000f2880000,0x00000000f7c80000,0x00000000f7c80000)
  to   space 104960K, 0% used [0x00000000f9980000,0x00000000f9980000,0x0000000100000000)
 ParOldGen       total 148992K, used 117718K [0x00000000c4400000, 0x00000000cd580000, 0x00000000ec180000)
  object space 148992K, 79% used [0x00000000c4400000,0x00000000cb6f5a58,0x00000000cd580000)
 Metaspace       used 2695K, capacity 4652K, committed 4864K, reserved 1056768K
  class space    used 279K, capacity 424K, committed 512K, reserved 1048576K
}
Event: 3,768 GC heap before
{Heap before GC invocations=16 (full 2):
 PSYoungGen      total 191488K, used 191488K [0x00000000ec180000, 0x0000000100000000, 0x0000000100000000)
  eden space 105472K, 100% used [0x00000000ec180000,0x00000000f2880000,0x00000000f2880000)
  from space 86016K, 100% used [0x00000000f2880000,0x00000000f7c80000,0x00000000f7c80000)
  to   space 104960K, 0% used [0x00000000f9980000,0x00000000f9980000,0x0000000100000000)
 ParOldGen       total 148992K, used 117718K [0x00000000c4400000, 0x00000000cd580000, 0x00000000ec180000)
  object space 148992K, 79% used [0x00000000c4400000,0x00000000cb6f5a58,0x00000000cd580000)
 Metaspace       used 2695K, capacity 4652K, committed 4864K, reserved 1056768K
  class space    used 279K, capacity 424K, committed 512K, reserved 1048576K
Event: 3,853 GC heap after
Heap after GC invocations=16 (full 2):
 PSYoungGen      total 214016K, used 79200K [0x00000000ec180000, 0x0000000100000000, 0x0000000100000000)
  eden space 109056K, 0% used [0x00000000ec180000,0x00000000ec180000,0x00000000f2c00000)
  from space 104960K, 75% used [0x00000000f9980000,0x00000000fe6d8000,0x0000000100000000)
  to   space 108544K, 0% used [0x00000000f2c00000,0x00000000f2c00000,0x00000000f9600000)
 ParOldGen       total 151552K, used 149222K [0x00000000c4400000, 0x00000000cd800000, 0x00000000ec180000)
  object space 151552K, 98% used [0x00000000c4400000,0x00000000cd5b9a58,0x00000000cd800000)
 Metaspace       used 2695K, capacity 4652K, committed 4864K, reserved 1056768K
  class space    used 279K, capacity 424K, committed 512K, reserved 1048576K
}
Event: 3,856 GC heap before
{Heap before GC invocations=17 (full 3):
 PSYoungGen      total 214016K, used 79200K [0x00000000ec180000, 0x0000000100000000, 0x0000000100000000)
  eden space 109056K, 0% used [0x00000000ec180000,0x00000000ec180000,0x00000000f2c00000)
  from space 104960K, 75% used [0x00000000f9980000,0x00000000fe6d8000,0x0000000100000000)
  to   space 108544K, 0% used [0x00000000f2c00000,0x00000000f2c00000,0x00000000f9600000)
 ParOldGen       total 151552K, used 149222K [0x00000000c4400000, 0x00000000cd800000, 0x00000000ec180000)
  object space 151552K, 98% used [0x00000000c4400000,0x00000000cd5b9a58,0x00000000cd800000)
 Metaspace       used 2695K, capacity 4652K, committed 4864K, reserved 1056768K
  class space    used 279K, capacity 424K, committed 512K, reserved 1048576K

