# JRE version: OpenJDK Runtime Environment (8.0_222-b10) (build 1.8.0_222-8u222-b10-1ubuntu1~18.04.1-b10)
# Java VM: OpenJDK 64-Bit Server VM (25.222-b10 mixed mode linux-amd64 compressed oops)
Heap:
 PSYoungGen      total 216064K, used 82264K [0x00000000ec180000, 0x0000000100000000, 0x0000000100000000)
  eden space 109056K, 0% used [0x00000000ec180000,0x00000000ec180000,0x00000000f2c00000)
  from space 107008K, 76% used [0x00000000f9780000,0x00000000fe7d60c8,0x0000000100000000)
  to   space 108544K, 0% used [0x00000000f2c00000,0x00000000f2c00000,0x00000000f9600000)
 ParOldGen       total 146944K, used 146873K [0x00000000c4400000, 0x00000000cd380000, 0x00000000ec180000)
  object space 146944K, 99% used [0x00000000c4400000,0x00000000cd36e528,0x00000000cd380000)
 Metaspace       used 2695K, capacity 4652K, committed 4864K, reserved 1056768K
  class space    used 279K, capacity 424K, committed 512K, reserved 1048576K
GC Heap History (10 events):
Event: 2,136 GC heap after
Heap after GC invocations=12 (full 2):
 PSYoungGen      total 149504K, used 50176K [0x00000000ec180000, 0x00000000fa480000, 0x0000000100000000)
  eden space 99328K, 0% used [0x00000000ec180000,0x00000000ec180000,0x00000000f2280000)
  from space 50176K, 100% used [0x00000000f5d80000,0x00000000f8e80000,0x00000000f8e80000)
  to   space 60416K, 0% used [0x00000000f2280000,0x00000000f2280000,0x00000000f5d80000)
 ParOldGen       total 141824K, used 79720K [0x00000000c4400000, 0x00000000cce80000, 0x00000000ec180000)
  object space 141824K, 56% used [0x00000000c4400000,0x00000000c91da010,0x00000000cce80000)
 Metaspace       used 2695K, capacity 4652K, committed 4864K, reserved 1056768K
  class space    used 279K, capacity 424K, committed 512K, reserved 1048576K
}
Event: 2,365 GC heap before
{Heap before GC invocations=13 (full 2):
 PSYoungGen      total 149504K, used 149504K [0x00000000ec180000, 0x00000000fa480000, 0x0000000100000000)
  eden space 99328K, 100% used [0x00000000ec180000,0x00000000f2280000,0x00000000f2280000)
  from space 50176K, 100% used [0x00000000f5d80000,0x00000000f8e80000,0x00000000f8e80000)
  to   space 60416K, 0% used [0x00000000f2280000,0x00000000f2280000,0x00000000f5d80000)
 ParOldGen       total 141824K, used 79720K [0x00000000c4400000, 0x00000000cce80000, 0x00000000ec180000)
  object space 141824K, 56% used [0x00000000c4400000,0x00000000c91da010,0x00000000cce80000)
 Metaspace       used 2695K, capacity 4652K, committed 4864K, reserved 1056768K
  class space    used 279K, capacity 424K, committed 512K, reserved 1048576K
Event: 2,413 GC heap after
Heap after GC invocations=13 (full 2):
 PSYoungGen      total 159744K, used 60416K [0x00000000ec180000, 0x00000000fcc80000, 0x0000000100000000)
  eden space 99328K, 0% used [0x00000000ec180000,0x00000000ec180000,0x00000000f2280000)
  from space 60416K, 100% used [0x00000000f2280000,0x00000000f5d80000,0x00000000f5d80000)
  to   space 75776K, 0% used [0x00000000f8280000,0x00000000f8280000,0x00000000fcc80000)
 ParOldGen       total 141824K, used 93928K [0x00000000c4400000, 0x00000000cce80000, 0x00000000ec180000)
  object space 141824K, 66% used [0x00000000c4400000,0x00000000c9fba010,0x00000000cce80000)
 Metaspace       used 2695K, capacity 4652K, committed 4864K, reserved 1056768K
  class space    used 279K, capacity 424K, committed 512K, reserved 1048576K
}
Event: 2,669 GC heap before
{Heap before GC invocations=14 (full 2):
 PSYoungGen      total 159744K, used 159744K [0x00000000ec180000, 0x00000000fcc80000, 0x0000000100000000)
  eden space 99328K, 100% used [0x00000000ec180000,0x00000000f2280000,0x00000000f2280000)
  from space 60416K, 100% used [0x00000000f2280000,0x00000000f5d80000,0x00000000f5d80000)
  to   space 75776K, 0% used [0x00000000f8280000,0x00000000f8280000,0x00000000fcc80000)
 ParOldGen       total 141824K, used 93928K [0x00000000c4400000, 0x00000000cce80000, 0x00000000ec180000)
  object space 141824K, 66% used [0x00000000c4400000,0x00000000c9fba010,0x00000000cce80000)
 Metaspace       used 2695K, capacity 4652K, committed 4864K, reserved 1056768K
  class space    used 279K, capacity 424K, committed 512K, reserved 1048576K
Event: 2,749 GC heap after
Heap after GC invocations=14 (full 2):
 PSYoungGen      total 185344K, used 73216K [0x00000000ec180000, 0x00000000fe680000, 0x0000000100000000)
  eden space 109568K, 0% used [0x00000000ec180000,0x00000000ec180000,0x00000000f2c80000)
  from space 75776K, 96% used [0x00000000f8280000,0x00000000fca00000,0x00000000fcc80000)
  to   space 88064K, 0% used [0x00000000f2c80000,0x00000000f2c80000,0x00000000f8280000)
 ParOldGen       total 141824K, used 105272K [0x00000000c4400000, 0x00000000cce80000, 0x00000000ec180000)
  object space 141824K, 74% used [0x00000000c4400000,0x00000000caace010,0x00000000cce80000)
 Metaspace       used 2695K, capacity 4652K, committed 4864K, reserved 1056768K
  class space    used 279K, capacity 424K, committed 512K, reserved 1048576K
}
Event: 3,071 GC heap before
{Heap before GC invocations=15 (full 2):
 PSYoungGen      total 185344K, used 182784K [0x00000000ec180000, 0x00000000fe680000, 0x0000000100000000)
  eden space 109568K, 100% used [0x00000000ec180000,0x00000000f2c80000,0x00000000f2c80000)
  from space 75776K, 96% used [0x00000000f8280000,0x00000000fca00000,0x00000000fcc80000)
  to   space 88064K, 0% used [0x00000000f2c80000,0x00000000f2c80000,0x00000000f8280000)
 ParOldGen       total 141824K, used 105272K [0x00000000c4400000, 0x00000000cce80000, 0x00000000ec180000)
  object space 141824K, 74% used [0x00000000c4400000,0x00000000caace010,0x00000000cce80000)
 Metaspace       used 2695K, capacity 4652K, committed 4864K, reserved 1056768K
  class space    used 279K, capacity 424K, committed 512K, reserved 1048576K
Event: 3,164 GC heap after
Heap after GC invocations=15 (full 2):
 PSYoungGen      total 197632K, used 88064K [0x00000000ec180000, 0x0000000100000000, 0x0000000100000000)
  eden space 109568K, 0% used [0x00000000ec180000,0x00000000ec180000,0x00000000f2c80000)
  from space 88064K, 100% used [0x00000000f2c80000,0x00000000f8280000,0x00000000f8280000)
  to   space 107008K, 0% used [0x00000000f9780000,0x00000000f9780000,0x0000000100000000)
 ParOldGen       total 141824K, used 116200K [0x00000000c4400000, 0x00000000cce80000, 0x00000000ec180000)
  object space 141824K, 81% used [0x00000000c4400000,0x00000000cb57a010,0x00000000cce80000)
 Metaspace       used 2695K, capacity 4652K, committed 4864K, reserved 1056768K
  class space    used 279K, capacity 424K, committed 512K, reserved 1048576K
}
Event: 3,506 GC heap before
{Heap before GC invocations=16 (full 2):
 PSYoungGen      total 197632K, used 197632K [0x00000000ec180000, 0x0000000100000000, 0x0000000100000000)
  eden space 109568K, 100% used [0x00000000ec180000,0x00000000f2c80000,0x00000000f2c80000)
  from space 88064K, 100% used [0x00000000f2c80000,0x00000000f8280000,0x00000000f8280000)
  to   space 107008K, 0% used [0x00000000f9780000,0x00000000f9780000,0x0000000100000000)
 ParOldGen       total 141824K, used 116200K [0x00000000c4400000, 0x00000000cce80000, 0x00000000ec180000)
  object space 141824K, 81% used [0x00000000c4400000,0x00000000cb57a010,0x00000000cce80000)
 Metaspace       used 2695K, capacity 4652K, committed 4864K, reserved 1056768K
  class space    used 279K, capacity 424K, committed 512K, reserved 1048576K
Event: 3,589 GC heap after
Heap after GC invocations=16 (full 2):
 PSYoungGen      total 216064K, used 83008K [0x00000000ec180000, 0x0000000100000000, 0x0000000100000000)
  eden space 109056K, 0% used [0x00000000ec180000,0x00000000ec180000,0x00000000f2c00000)
  from space 107008K, 77% used [0x00000000f9780000,0x00000000fe890000,0x0000000100000000)
  to   space 108544K, 0% used [0x00000000f2c00000,0x00000000f2c00000,0x00000000f9600000)
 ParOldGen       total 146944K, used 146784K [0x00000000c4400000, 0x00000000cd380000, 0x00000000ec180000)
  object space 146944K, 99% used [0x00000000c4400000,0x00000000cd358010,0x00000000cd380000)
 Metaspace       used 2695K, capacity 4652K, committed 4864K, reserved 1056768K
  class space    used 279K, capacity 424K, committed 512K, reserved 1048576K
}
Event: 3,589 GC heap before
{Heap before GC invocations=17 (full 3):
 PSYoungGen      total 216064K, used 83008K [0x00000000ec180000, 0x0000000100000000, 0x0000000100000000)
  eden space 109056K, 0% used [0x00000000ec180000,0x00000000ec180000,0x00000000f2c00000)
  from space 107008K, 77% used [0x00000000f9780000,0x00000000fe890000,0x0000000100000000)
  to   space 108544K, 0% used [0x00000000f2c00000,0x00000000f2c00000,0x00000000f9600000)
 ParOldGen       total 146944K, used 146784K [0x00000000c4400000, 0x00000000cd380000, 0x00000000ec180000)
  object space 146944K, 99% used [0x00000000c4400000,0x00000000cd358010,0x00000000cd380000)
 Metaspace       used 2695K, capacity 4652K, committed 4864K, reserved 1056768K
  class space    used 279K, capacity 424K, committed 512K, reserved 1048576K

